<?xml version="1.0" encoding="UTF-8"?>
<testng-results ignored="0" total="1" passed="1" failed="0" skipped="0">
  <reporter-output>
  </reporter-output>
  <suite started-at="2020-03-05T16:21:41 IST" name="Default suite" finished-at="2020-03-05T16:23:06 IST" duration-ms="84459">
    <groups>
    </groups>
    <test started-at="2020-03-05T16:21:41 IST" name="Default test" finished-at="2020-03-05T16:23:06 IST" duration-ms="84459">
      <class name="Paratus2.Exercise2.testAutomation">
        <test-method signature="testOne()[pri:0, instance:Paratus2.Exercise2.testAutomation@f79e]" started-at="2020-03-05T16:21:41 IST" name="testOne" finished-at="2020-03-05T16:23:06 IST" duration-ms="84434" status="PASS">
          <reporter-output>
          </reporter-output>
        </test-method> <!-- testOne -->
      </class> <!-- Paratus2.Exercise2.testAutomation -->
    </test> <!-- Default test -->
  </suite> <!-- Default suite -->
</testng-results>
