<?xml version="1.0" encoding="UTF-8"?>
<testng-results ignored="0" total="1" passed="1" failed="0" skipped="0">
  <reporter-output>
  </reporter-output>
  <suite started-at="2020-03-05T17:29:35 IST" name="Default suite" finished-at="2020-03-05T17:30:11 IST" duration-ms="36269">
    <groups>
    </groups>
    <test started-at="2020-03-05T17:29:35 IST" name="Default test" finished-at="2020-03-05T17:30:11 IST" duration-ms="36269">
      <class name="Assignment.Test.testAutomation">
        <test-method signature="testOne()[pri:0, instance:Assignment.Test.testAutomation@f79e]" started-at="2020-03-05T17:29:35 IST" name="testOne" finished-at="2020-03-05T17:30:11 IST" duration-ms="36234" status="PASS">
          <reporter-output>
          </reporter-output>
        </test-method> <!-- testOne -->
      </class> <!-- Assignment.Test.testAutomation -->
    </test> <!-- Default test -->
  </suite> <!-- Default suite -->
</testng-results>
